2018-09-03 17:51:50,492 - root - INFO - ############################### START ###############################
2018-09-03 17:51:56,279 - root - INFO - SUCCESS    Start a new browser: Chrome, Spend 5.78300023079 seconds
2018-09-03 17:51:57,407 - root - INFO - SUCCESS    Set browser window maximized, Spend 1.12700009346 seconds
2018-09-03 17:51:59,131 - root - INFO - SUCCESS    Navigated to http://192.168.0.65:8010/, Spend 1.62300014496 seconds
2018-09-03 17:51:59,381 - root - INFO - SUCCESS    Clear and type element: <id->username> content: admin, Spend 0.248000144958 seconds
2018-09-03 17:51:59,572 - root - INFO - SUCCESS    Clear and type element: <id->password> content: 123456, Spend 0.19000005722 seconds
2018-09-03 17:51:59,736 - root - INFO - SUCCESS    Clicked element: <id->submit>, Spend 0.162000179291 seconds
2018-09-03 17:52:06,744 - root - INFO - SUCCESS    Get current window title, Spend 0.00600004196167 seconds
2018-09-03 17:52:06,828 - root - INFO - SUCCESS    Clicked element: <id->systemName>, Spend 0.0820000171661 seconds
2018-09-03 17:52:07,885 - root - INFO - FAIL    Unable to click element: <xpath->/html/body/div[1]/ul/li[2]/ul/li[7]>, Spend 0.0569999217987 seconds
2018-09-03 17:52:10,930 - root - INFO - SUCCESS    Closed all window and quit the driver, Spend 3.04299998283 seconds
2018-09-03 17:52:10,933 - root - INFO - ###############################  End  ###############################
2018-09-03 17:52:20,551 - root - INFO - ############################### START ###############################
2018-09-03 17:52:25,595 - root - INFO - SUCCESS    Start a new browser: Chrome, Spend 5.04200005531 seconds
2018-09-03 17:52:26,730 - root - INFO - SUCCESS    Set browser window maximized, Spend 1.13300013542 seconds
2018-09-03 17:52:27,571 - root - INFO - SUCCESS    Navigated to http://192.168.0.65:8010/, Spend 0.74799990654 seconds
2018-09-03 17:52:28,176 - root - INFO - SUCCESS    Clear and type element: <id->username> content: admin, Spend 0.602999925613 seconds
2018-09-03 17:52:28,427 - root - INFO - SUCCESS    Clear and type element: <id->password> content: 123456, Spend 0.25 seconds
2018-09-03 17:52:28,628 - root - INFO - SUCCESS    Clicked element: <id->submit>, Spend 0.200000047684 seconds
2018-09-03 17:52:35,642 - root - INFO - SUCCESS    Get current window title, Spend 0.010999917984 seconds
2018-09-03 17:52:35,740 - root - INFO - SUCCESS    Clicked element: <id->systemName>, Spend 0.095999956131 seconds
2018-09-03 17:52:36,924 - root - INFO - SUCCESS    Clicked element: <xpath->/html/body/div[1]/ul/li[2]/ul/li[7]>, Spend 0.180000066757 seconds
2018-09-03 17:52:40,078 - root - INFO - SUCCESS    Clicked element: <id->790>, Spend 0.149999856949 seconds
2018-09-03 17:52:43,299 - root - INFO - SUCCESS    Clicked element: <id->836>, Spend 1.22000002861 seconds
2018-09-03 17:52:46,364 - root - INFO - SUCCESS    Switch to frame element: <id->indIframe>, Spend 0.0629999637604 seconds
2018-09-03 17:52:49,430 - root - INFO - SUCCESS    Get element text element: <xpath->//*[@id="listForm"]/div[4]>, Spend 0.0650000572205 seconds
2018-09-03 17:52:49,430 - root - INFO - 共 1 条记录 共1页 
    
10条/页
    20条/页
    50条/页
    100条/页
    到第 页 确定
首页 上一页 1 下一页 末页
2018-09-03 17:52:50,591 - root - INFO - SUCCESS    Clicked element: <xpath->//*[@id="listForm"]/div[2]/a[1]>, Spend 1.15900015831 seconds
2018-09-03 17:52:53,592 - root - INFO - Sleep for 3 seconds
2018-09-03 17:52:53,782 - root - INFO - SUCCESS    Clicked element: <id->companyName>, Spend 0.186999797821 seconds
2018-09-03 17:52:55,917 - root - INFO - SUCCESS    Clicked element: <xpath->/html/body/div[5]/div[2]/table/tbody/tr[1]>, Spend 0.134000062943 seconds
2018-09-03 17:52:59,109 - root - INFO - SUCCESS    Closed all window and quit the driver, Spend 3.05999994278 seconds
2018-09-03 17:52:59,111 - root - INFO - ###############################  End  ###############################
2018-09-03 17:54:54,137 - root - INFO - ############################### START ###############################
2018-09-03 17:54:59,263 - root - INFO - SUCCESS    Start a new browser: Chrome, Spend 5.125 seconds
2018-09-03 17:55:00,407 - root - INFO - SUCCESS    Set browser window maximized, Spend 1.14099979401 seconds
2018-09-03 17:55:01,302 - root - INFO - SUCCESS    Navigated to http://192.168.0.65:8010/, Spend 0.787000179291 seconds
2018-09-03 17:55:01,690 - root - INFO - SUCCESS    Clear and type element: <id->username> content: admin, Spend 0.380000114441 seconds
2018-09-03 17:55:01,994 - root - INFO - SUCCESS    Clear and type element: <id->password> content: 123456, Spend 0.302000045776 seconds
2018-09-03 17:55:02,160 - root - INFO - SUCCESS    Clicked element: <id->submit>, Spend 0.162999868393 seconds
2018-09-03 17:55:09,173 - root - INFO - SUCCESS    Get current window title, Spend 0.010999917984 seconds
2018-09-03 17:55:09,296 - root - INFO - SUCCESS    Clicked element: <id->systemName>, Spend 0.121000051498 seconds
2018-09-03 17:55:10,463 - root - INFO - SUCCESS    Clicked element: <xpath->/html/body/div[1]/ul/li[2]/ul/li[7]>, Spend 0.167000055313 seconds
2018-09-03 17:55:13,569 - root - INFO - SUCCESS    Clicked element: <id->790>, Spend 0.101999998093 seconds
2018-09-03 17:55:16,392 - root - INFO - SUCCESS    Clicked element: <id->836>, Spend 0.822000026703 seconds
2018-09-03 17:55:19,437 - root - INFO - SUCCESS    Switch to frame element: <id->indIframe>, Spend 0.0420000553131 seconds
2018-09-03 17:55:22,519 - root - INFO - SUCCESS    Get element text element: <xpath->//*[@id="listForm"]/div[4]>, Spend 0.0800001621246 seconds
2018-09-03 17:55:22,519 - root - INFO - 共 1 条记录 共1页 
    
10条/页
    20条/页
    50条/页
    100条/页
    到第 页 确定
首页 上一页 1 下一页 末页
2018-09-03 17:55:23,319 - root - INFO - SUCCESS    Clicked element: <xpath->//*[@id="listForm"]/div[2]/a[1]>, Spend 0.797000169754 seconds
2018-09-03 17:55:26,321 - root - INFO - Sleep for 3 seconds
2018-09-03 17:55:26,503 - root - INFO - SUCCESS    Clicked element: <id->companyName>, Spend 0.178999900818 seconds
2018-09-03 17:55:28,677 - root - INFO - SUCCESS    Clicked element: <xpath->/html/body/div[5]/div[2]/table/tbody/tr[1]>, Spend 0.172000169754 seconds
2018-09-03 17:55:31,770 - root - INFO - SUCCESS    Closed all window and quit the driver, Spend 3.06799983978 seconds
2018-09-03 17:55:31,773 - root - INFO - ###############################  End  ###############################
2018-09-03 17:56:28,526 - root - INFO - ############################### START ###############################
2018-09-03 17:56:33,601 - root - INFO - SUCCESS    Start a new browser: Chrome, Spend 5.07199978828 seconds
2018-09-03 17:56:34,736 - root - INFO - SUCCESS    Set browser window maximized, Spend 1.132999897 seconds
2018-09-03 17:56:35,543 - root - INFO - SUCCESS    Navigated to http://192.168.0.65:8010/, Spend 0.713999986649 seconds
2018-09-03 17:56:35,790 - root - INFO - SUCCESS    Clear and type element: <id->username> content: admin, Spend 0.243999958038 seconds
2018-09-03 17:56:36,059 - root - INFO - SUCCESS    Clear and type element: <id->password> content: 123456, Spend 0.266000032425 seconds
2018-09-03 17:56:36,257 - root - INFO - SUCCESS    Clicked element: <id->submit>, Spend 0.195999860764 seconds
2018-09-03 17:56:43,273 - root - INFO - SUCCESS    Get current window title, Spend 0.0130000114441 seconds
2018-09-03 17:56:43,390 - root - INFO - SUCCESS    Clicked element: <id->systemName>, Spend 0.115000009537 seconds
2018-09-03 17:56:44,536 - root - INFO - SUCCESS    Clicked element: <xpath->/html/body/div[1]/ul/li[2]/ul/li[7]>, Spend 0.144999980927 seconds
2018-09-03 17:56:47,651 - root - INFO - SUCCESS    Clicked element: <id->790>, Spend 0.111999988556 seconds
2018-09-03 17:56:50,391 - root - INFO - SUCCESS    Clicked element: <id->836>, Spend 0.739000082016 seconds
2018-09-03 17:56:53,466 - root - INFO - SUCCESS    Switch to frame element: <id->indIframe>, Spend 0.0730001926422 seconds
2018-09-03 17:56:56,540 - root - INFO - SUCCESS    Get element text element: <xpath->//*[@id="listForm"]/div[4]>, Spend 0.0729999542236 seconds
2018-09-03 17:56:56,542 - root - INFO - 共 1 条记录 共1页 
    
10条/页
    20条/页
    50条/页
    100条/页
    到第 页 确定
首页 上一页 1 下一页 末页
2018-09-03 17:56:57,273 - root - INFO - SUCCESS    Clicked element: <xpath->//*[@id="listForm"]/div[2]/a[1]>, Spend 0.730000019073 seconds
2018-09-03 17:57:00,276 - root - INFO - Sleep for 3 seconds
2018-09-03 17:57:00,446 - root - INFO - SUCCESS    Clicked element: <id->companyName>, Spend 0.167999982834 seconds
2018-09-03 17:57:02,572 - root - INFO - SUCCESS    Clicked element: <xpath->/html/body/div[5]/div[2]/table/tbody/tr[1]>, Spend 0.124000072479 seconds
2018-09-03 17:57:05,650 - root - INFO - SUCCESS    Closed all window and quit the driver, Spend 3.04999995232 seconds
2018-09-03 17:57:05,651 - root - INFO - ###############################  End  ###############################
2018-09-03 18:01:40,138 - root - INFO - ############################### START ###############################
2018-09-03 18:01:45,267 - root - INFO - SUCCESS    Start a new browser: Chrome, Spend 5.12700009346 seconds
2018-09-03 18:01:46,404 - root - INFO - SUCCESS    Set browser window maximized, Spend 1.13499999046 seconds
2018-09-03 18:01:47,125 - root - INFO - SUCCESS    Navigated to http://192.168.0.65:8010/, Spend 0.718000173569 seconds
2018-09-03 18:01:47,414 - root - INFO - SUCCESS    Clear and type element: <id->username> content: admin, Spend 0.284999847412 seconds
2018-09-03 18:01:47,650 - root - INFO - SUCCESS    Clear and type element: <id->password> content: 123456, Spend 0.233000040054 seconds
2018-09-03 18:01:47,924 - root - INFO - SUCCESS    Clicked element: <id->submit>, Spend 0.271000146866 seconds
2018-09-03 18:01:55,048 - root - INFO - SUCCESS    Clicked element: <id->systemName>, Spend 0.121999979019 seconds
2018-09-03 18:01:56,184 - root - INFO - SUCCESS    Clicked element: <xpath->/html/body/div[1]/ul/li[2]/ul/li[5]>, Spend 0.134000062943 seconds
2018-09-03 18:01:59,332 - root - INFO - SUCCESS    Clicked element: <id->551>, Spend 0.147000074387 seconds
2018-09-03 18:02:02,048 - root - INFO - SUCCESS    Clicked element: <id->642>, Spend 0.713000059128 seconds
2018-09-03 18:02:05,111 - root - INFO - SUCCESS    Switch to frame element: <id->indIframe>, Spend 0.0620000362396 seconds
2018-09-03 18:02:08,167 - root - INFO - SUCCESS    Get element text element: <xpath->/html/body/div[2]/div/div[2]/div[2]/div/span>, Spend 0.055999994278 seconds
2018-09-03 18:02:08,168 - root - INFO - 当前第1页，共172页，合计1718条
2018-09-03 18:02:10,635 - root - INFO - SUCCESS    Clicked element: <id->listAddButton>, Spend 2.46499991417 seconds
2018-09-03 18:02:44,158 - root - INFO - ############################### START ###############################
2018-09-03 18:02:49,677 - root - INFO - SUCCESS    Start a new browser: Chrome, Spend 5.5150001049 seconds
2018-09-03 18:02:50,815 - root - INFO - SUCCESS    Set browser window maximized, Spend 1.1360001564 seconds
2018-09-03 18:02:51,503 - root - INFO - SUCCESS    Navigated to http://192.168.0.65:8010/, Spend 0.686000108719 seconds
2018-09-03 18:02:51,859 - root - INFO - SUCCESS    Clear and type element: <id->username> content: admin, Spend 0.354000091553 seconds
2018-09-03 18:02:52,214 - root - INFO - SUCCESS    Clear and type element: <id->password> content: 123456, Spend 0.351999998093 seconds
2018-09-03 18:02:52,634 - root - INFO - SUCCESS    Clicked element: <id->submit>, Spend 0.414999961853 seconds
2018-09-03 18:02:59,765 - root - INFO - SUCCESS    Clicked element: <id->systemName>, Spend 0.128000020981 seconds
2018-09-03 18:03:00,890 - root - INFO - SUCCESS    Clicked element: <xpath->/html/body/div[1]/ul/li[2]/ul/li[5]>, Spend 0.12299990654 seconds
2018-09-03 18:03:04,035 - root - INFO - SUCCESS    Clicked element: <id->551>, Spend 0.142999887466 seconds
2018-09-03 18:03:06,539 - root - INFO - SUCCESS    Clicked element: <id->642>, Spend 0.50200009346 seconds
2018-09-03 18:03:09,615 - root - INFO - SUCCESS    Switch to frame element: <id->indIframe>, Spend 0.069000005722 seconds
2018-09-03 18:03:12,674 - root - INFO - SUCCESS    Get element text element: <xpath->/html/body/div[2]/div/div[2]/div[2]/div/span>, Spend 0.0590000152588 seconds
2018-09-03 18:03:12,674 - root - INFO - 当前第1页，共172页，合计1718条
2018-09-03 18:03:14,351 - root - INFO - SUCCESS    Clicked element: <id->listAddButton>, Spend 1.67499995232 seconds
2018-09-03 18:05:32,792 - root - INFO - ############################### START ###############################
2018-09-03 18:05:37,901 - root - INFO - SUCCESS    Start a new browser: Chrome, Spend 5.10700011253 seconds
2018-09-03 18:05:39,048 - root - INFO - SUCCESS    Set browser window maximized, Spend 1.14399981499 seconds
2018-09-03 18:05:39,904 - root - INFO - SUCCESS    Navigated to http://192.168.0.65:8010/, Spend 0.854000091553 seconds
2018-09-03 18:05:40,273 - root - INFO - SUCCESS    Clear and type element: <id->username> content: admin, Spend 0.367000102997 seconds
2018-09-03 18:05:40,572 - root - INFO - SUCCESS    Clear and type element: <id->password> content: 123456, Spend 0.296000003815 seconds
2018-09-03 18:05:40,836 - root - INFO - SUCCESS    Clicked element: <id->submit>, Spend 0.259999990463 seconds
2018-09-03 18:05:47,963 - root - INFO - SUCCESS    Clicked element: <id->systemName>, Spend 0.124000072479 seconds
2018-09-03 18:05:49,105 - root - INFO - SUCCESS    Clicked element: <xpath->/html/body/div[1]/ul/li[2]/ul/li[5]>, Spend 0.139000177383 seconds
2018-09-03 18:05:52,263 - root - INFO - SUCCESS    Clicked element: <id->551>, Spend 0.153000116348 seconds
2018-09-03 18:05:54,782 - root - INFO - SUCCESS    Clicked element: <id->642>, Spend 0.516999959946 seconds
2018-09-03 18:05:57,848 - root - INFO - SUCCESS    Switch to frame element: <id->indIframe>, Spend 0.0649998188019 seconds
2018-09-03 18:06:00,911 - root - INFO - SUCCESS    Get element text element: <xpath->/html/body/div[2]/div/div[2]/div[2]/div/span>, Spend 0.0610001087189 seconds
2018-09-03 18:06:00,911 - root - INFO - 当前第1页，共172页，合计1718条
2018-09-03 18:06:02,469 - root - INFO - SUCCESS    Clicked element: <id->listAddButton>, Spend 1.55499982834 seconds
2018-09-03 18:06:20,874 - root - INFO - SUCCESS    Closed all window and quit the driver, Spend 3.04399991035 seconds
2018-09-03 18:06:20,888 - root - INFO - ###############################  End  ###############################
2018-09-03 18:07:53,960 - root - INFO - SUCCESS    Start a new browser: chrome, Spend 5.08200001717 seconds
2018-09-03 18:07:59,927 - root - INFO - ############################### START ###############################
2018-09-03 18:08:05,038 - root - INFO - SUCCESS    Start a new browser: Chrome, Spend 5.10800004005 seconds
2018-09-03 18:08:06,173 - root - INFO - SUCCESS    Set browser window maximized, Spend 1.132999897 seconds
2018-09-03 18:08:06,762 - root - INFO - SUCCESS    Navigated to http://192.168.0.65:8010/, Spend 0.585999965668 seconds
2018-09-03 18:08:11,855 - root - INFO - FAIL    Unable to clear and type element: <id->username> content: admin, Spend 5.08700013161 seconds
2018-09-03 18:15:58,543 - root - INFO - ############################### START ###############################
2018-09-03 18:16:03,730 - root - INFO - SUCCESS    Start a new browser: Chrome, Spend 5.18499994278 seconds
2018-09-03 18:16:04,867 - root - INFO - SUCCESS    Set browser window maximized, Spend 1.13399982452 seconds
2018-09-03 18:16:05,795 - root - INFO - SUCCESS    Navigated to https://www.baidu.com/, Spend 0.925999879837 seconds
2018-09-03 18:16:52,069 - root - INFO - SUCCESS    Closed all window and quit the driver, Spend 6.25500011444 seconds
2018-09-03 18:16:53,354 - root - INFO - ###############################  End  ###############################
2018-09-03 18:17:10,359 - root - INFO - ############################### START ###############################
2018-09-03 18:17:15,542 - root - INFO - SUCCESS    Start a new browser: Chrome, Spend 5.18099999428 seconds
2018-09-03 18:17:16,677 - root - INFO - SUCCESS    Set browser window maximized, Spend 1.13400006294 seconds
2018-09-03 18:17:17,342 - root - INFO - SUCCESS    Navigated to https://www.baidu.com/, Spend 0.663000106812 seconds
2018-09-03 18:17:17,487 - root - INFO - SUCCESS    Typed element: <id->kw> content: 123, Spend 0.143000125885 seconds
2018-09-03 18:17:21,720 - root - INFO - SUCCESS    Closed all window and quit the driver, Spend 4.23199987411 seconds
2018-09-03 18:17:21,721 - root - INFO - ###############################  End  ###############################
